e502b902f9bfcc229e14894a26b909ed;b899f8b7cbd9761787219e9f23eee40f425e2fd1c7e631cc265d9e66fe0dc14060ef52b7ea177a4d38749d1d4f82fcbfed9fa841767719ffd5f2d8f186068d54df6e29b9b4b6;How to find size of an array in C without sizeof (arjunsreedharan.org);
1824abcc64732132c1db69e44e469af4;d376994b44ea6824b4d747bbaf28963dc4726883156f2e1ab976f0bde826218ede048614515633443e;Vera Rubin has died (carnegiescience.edu);
bea1e97d858882c1114705c82e3c6706;d71149cfb42767fb2aa342510c515758611f2cb2faa955d04b0e9d671f21171b69dc57b701cd5059f11c30689d2578ff0b39f935a8916d14d783527e6ceae34f8daaee62f07e297c;How to save the restaurant industry: Kill tipping (tastefulventures.com);
a1221cfeda1dbb50bbe49729d2fe748e;e1ef07f6e089d8a55c92442b0fa48ad0b99d027be0d87f3002b0f4fa2890a89165dd0440ae1367de3e134678713faf0199529b2129c3accc02bbb76832fe964ce82d013346f6;Show HN: Learn how to build electronics with monthly kits (thimble.io);
2220f8afb64d31cd7e68cd30990e69f7;4feb8f4e6b6bcd2cee8d8ce8d37e9cafee16379bfa5fd8b26ed38167e2ff232f3ac4e030d0a3174a526a5660e14bcd439f9fa559c67130fa7d3d4e0c0a665e47e33a410e;A bigger problem than ISIS: The Mosul Dam is failing (newyorker.com);
92a05e7bcc1aa9baa9e99c29c66c76ba;c0c21d904edf953037b5236f87d7fe1b77ee6b330b0a19b873af177f54bac11880e799fb8c529e590b49e00c;Symbolic Machine Learning (languagengine.co);
83b0f6f6a4f72e3baedbf1a3e0c2b40b;cb5782003180d688342c114969669257a81bbe3dd178443560cf07ca42ce9b9f374fb65c5f3c786174a0edd0c18e88bf89b231a6e2aea3708e2301b8b81c21a509d7055ec63f2fa7ac17543bb8552ef758;How Referral Spam Like lifehacker.com Gets into Google Analytics (kraftblick.com);
f88422a0d6ccd7706cd68b9448b399fc;073490e51bd7b3dc9a8dae5078071ffbe1c8a996354580142d408f2dc9b4d4e589afe9fbce8a1ab087a0d7d3a124;μWWVB: A Tiny WWVB Station (anishathalye.com);
75ac5ebf7a2d837372b3554a05dff21e;df026b41d8fb0aea274859fa0b64a2858f69684ba0bede;Uber Freight (uber.com);
c47e47ba53c40cc8a2fdb45dad94d5ba;9017815e93d1c09e05926e134a554a085d8464f5315700050e792c91e2c6fb4691c4aef30358080effad748a0a1df25dd6775863a6dedb8d64175a44ccddee956e67f3;Cheetahs heading towards extinction as population crashes (bbc.com);
d99795161dc142b732e6eb7785090742;b16c8dffb5e4fe9890eb387850f23c2e78c277c4347d2e3e8a25c76a6d3930ee76da35138a48376ae76a5cc63826c173d8bbeb561545f74d1e43f9127a272e96e0681abbfa950dee30;Geometric Constructions Game with Straightedge and Compass (euclidea.xyz);
3096a5ec59997c024051123bb1dfd0e8;1c1bf4d8c0f92373c4ad051b834413c034e22914c0d20f0d1f19ed9b5dbb2ee85ea2a420f4e5cbdf27e2f04093ecea96a5f3bbb25565895bae64a43685612698c240e7;Why the Computing Cloud Will Keep Growing and Growing (nytimes.com);
9d4b63865f2257f3007ff5bf5178e1b6;1093a56adbd03c0c806eeb2f0280d3ce3cf4bdbdca0db138e07b67b9428747b242f93066b81a034185ac1be97020a739467b1be13269;Falsehoods programmers believe about video (haasn.xyz);
4aa8e9ba779013c4460c07c6ac576bd4;124253a31ab8a145734b34237fc362d214776ce6962d8007f117597fafaf10f737ce3bc73ae90a83ea7b9115ca5b888ba46523594e65493f1a8324d022f39da2c5e3e3711133e7a0342253c1217c217741a18a731842087cbeeaa8bde8e100f334;Chop Suey Nation: Road trip uncovers the lives behind Chinese-Canadian food (theglobeandmail.com);
66f1b53740d4214c8be4d0c552df5241;dacd0c6672a8ef99cf6f23209580ba95166cb991b8aa7b59bcff1559773b77ab2a3e2d9ec41fe334e2a22c0c25555a53;America Needs a New Moon Mission (bloomberg.com);
73a18b495ff8f3736c1bd15b7c1922da;4eddcaf60e2964d586f567f25a3b1165fa8cb2ff0dcebcb3a782fa93c4424bd2b53939783c1afd0ed61624e00050c2c2ade0a2b020ea5ac7f51b571218ddbdadb13fd2f782f1084632b349e32f82fd986e20d0d5bc;Microsoft to Require Precision Touchpads in Future Windows 10 Laptops (slashgear.com);
c164ce7aa648851ace0935975d35b98c;5174f105856d5ec88fb11f4e468a79797f90ad478cff8de2205c83221554be0aba7643e4006682457f208817ce6e06030b978bfa6193f44c81cc16255e;The little book about OS development (littleosbook.github.io);
d0ae6bc4b0fbdc00790960a76b9fc1d6;d6d56675698a04e1d6936454bed35240857a6f6491e4dee889ac9f7b065fb7c2a901d3b28a3d2624fb32ada7545e88c737ab4ece7edf64d89530e8164a7bd8c38af6bb0d5f969ba4;How Marshall McLuhan Became a Famous Media Scholar (lareviewofbooks.org);
73409233d92350e5fff21052172ad984;0c225accfe25c330ff26409e0c4497af9449c2477b6d5c96c0ec4137e737e8a3d1b4e2d9349ba402619c26bcf6aa9508;The farmer who built her own broadband (bbc.com);
1f643441ae9e2d8608797f4f388d7950;9ae7861fae030d4f58ce23427651d26768e3aa188567;GNU Parallel (gnu.org);
d731068f779593e8c079c07865623b8d;7a6db65ed4824bd8af24fa547fac9e2fe8691ca1a28b5c63595f8436e836d3f6be7e074c77f8fee8ee95b061b74b6056a86d235295a499f88241defe;An Introduction to the Lambda Calculus (learningclojure.com);
cf1e1f654c356f29df063a2fe4b45e54;eeee6efc4f202647f91ced972db13d6c694f33693fb0dbfbad9185ff3c3dcade17315743b63fff231018f8198459dab2d54271bba186708ef0fbc861386d384ce0a000b146f24e51f5c237;Raspberry Pi releases an OS to breathe new life into old PCs (engadget.com);
6f418a3e7625616a2be3cf008087ae54;3ac1f96f126511e15cccee3907e2a49982e7adc61a1c5cd12f1de79801f8b09d6adbf98ec72ceb8ab483811fe3f9af5610643954ed0061cd8afde6bd6c9286454036b4ed959ac075e9fcb89fc9c5269f0dd78a9eece7bca5eca583;Shellcode: A Windows PIC Using RSA-2048 Key Exchange, AES-256, SHA-3 (modexp.wordpress.com);
a51fd1f30530a39eb533cd5715616df9;01d91c2e024c510e41d9fa8ae0d7dc778f2eaf4ced3d0434380381b4b27199259a8c8b0a6ee6284f1f237dc28705c523fad0b780df8685dcdc23195b7f81c447652bb4e516fa8c9855a0fa;Learning Machine Learning: A beginner's journey (muratbuffalo.blogspot.com);
